<?xml version="1.0" encoding="UTF-8" ?>
<testsuites disabled="0" errors="0" failures="1" tests="2" time="9.816">
 <testsuite name="demo calculator tests" timestamp="2020-04-03T09:45:13" hostname="localhost" time="9.816" errors="0" tests="2" skipped="0" disabled="0" failures="1">
  <testcase classname="demo calculator tests" name="1 addition test" time="5.266" />
  <testcase classname="demo calculator tests" name="2 addition test" time="4.538">
   <failure type="toEqual" message="Expected &apos;9:45:21 AM&apos; to equal &apos;9&apos;."><![CDATA[Error: Failed expectation
    at homepage.verifyResult (/Users/Farouk/Desktop/BcitiAngularProtractor/pages/homepage.js:25:34)
    at UserContext.<anonymous> (/Users/Farouk/Desktop/BcitiAngularProtractor/tests/calculator.js:30:18)
    at /usr/local/lib/node_modules/protractor/node_modules/jasminewd2/index.js:112:25
    at new ManagedPromise (/usr/local/lib/node_modules/protractor/node_modules/selenium-webdriver/lib/promise.js:1077:7)
    at ControlFlow.promise (/usr/local/lib/node_modules/protractor/node_modules/selenium-webdriver/lib/promise.js:2505:12)
    at schedulerExecute (/usr/local/lib/node_modules/protractor/node_modules/jasminewd2/index.js:95:18)
    at TaskQueue.execute_ (/usr/local/lib/node_modules/protractor/node_modules/selenium-webdriver/lib/promise.js:3084:14)
    at TaskQueue.executeNext_ (/usr/local/lib/node_modules/protractor/node_modules/selenium-webdriver/lib/promise.js:3067:27)
    at /usr/local/lib/node_modules/protractor/node_modules/selenium-webdriver/lib/promise.js:2974:25]]>
   </failure>
  </testcase>
 </testsuite>
</testsuites>